✅ stats.json written to /home/fisnik/.openclaw/workspace/evotrade-site/stats.json
   9 sets, 171888 ticks, 77 cumulative gen
   Spot avg: $100.74 (100% success) | Futures avg: $486.73
[main 54d1f39] auto: update live stats 21:25
 2 files changed, 17 insertions(+), 14 deletions(-)
 create mode 100644 update.log
To github.com:imerifisnik/evotrade.git
   d16f279..54d1f39  main -> main
✅ Pushed updated stats to GitHub Pages
✅ stats.json written to /home/fisnik/.openclaw/workspace/evotrade-site/stats.json
   9 sets, 175784 ticks, 77 cumulative gen
   Spot avg: $100.74 (100% success) | Futures avg: $486.73
[main 9dced4c] auto: update live stats 21:30
 2 files changed, 25 insertions(+), 16 deletions(-)
To github.com:imerifisnik/evotrade.git
   54d1f39..9dced4c  main -> main
✅ Pushed updated stats to GitHub Pages
✅ stats.json written to /home/fisnik/.openclaw/workspace/evotrade-site/stats.json
   9 sets, 180297 ticks, 77 cumulative gen
   Spot avg: $100.74 (100% success) | Futures avg: $486.73
